0 info it worked if it ends with ok
1 verbose cli [ '/usr/bin/node', '/usr/bin/npm', 'run', 'prepublish' ]
2 info using npm@3.5.2
3 info using node@v8.10.0
4 verbose run-script [ 'prepublish' ]
5 info lifecycle api_gateway@1.0.0~prepublish: api_gateway@1.0.0
6 verbose lifecycle api_gateway@1.0.0~prepublish: unsafe-perm in lifecycle true
7 verbose lifecycle api_gateway@1.0.0~prepublish: PATH: /usr/share/npm/bin/node-gyp-bin:/home/juan/go/src/github.com/jscastelblancoh/api_gateway/node_modules/.bin:/opt/apache-maven/bin:/usr/local/sbin:/usr/local/bin:/usr/sbin:/usr/bin:/sbin:/bin:/usr/games:/usr/local/games:/snap/bin:/usr/lib/jvm/java-8-oracle/bin:/usr/lib/jvm/java-8-oracle/db/bin:/usr/lib/jvm/java-8-oracle/jre/bin:/usr/local/go/bin:/home/juan/go/bin
8 verbose lifecycle api_gateway@1.0.0~prepublish: CWD: /home/juan/go/src/github.com/jscastelblancoh/api_gateway
9 silly lifecycle api_gateway@1.0.0~prepublish: Args: [ '-c', 'rollup -c' ]
10 info lifecycle api_gateway@1.0.0~prepublish: Failed to exec prepublish script
11 verbose stack Error: api_gateway@1.0.0 prepublish: `rollup -c`
11 verbose stack spawn ENOENT
11 verbose stack     at ChildProcess.<anonymous> (/usr/share/npm/lib/utils/spawn.js:17:16)
11 verbose stack     at emitTwo (events.js:126:13)
11 verbose stack     at ChildProcess.emit (events.js:214:7)
11 verbose stack     at maybeClose (internal/child_process.js:925:16)
11 verbose stack     at Process.ChildProcess._handle.onexit (internal/child_process.js:209:5)
12 verbose pkgid api_gateway@1.0.0
13 verbose cwd /home/juan/go/src/github.com/jscastelblancoh/api_gateway
14 error Linux 4.15.0-36-generic
15 error argv "/usr/bin/node" "/usr/bin/npm" "run" "prepublish"
16 error node v8.10.0
17 error npm  v3.5.2
18 error file sh
19 error code ELIFECYCLE
20 error errno ENOENT
21 error syscall spawn
22 error api_gateway@1.0.0 prepublish: `rollup -c`
22 error spawn ENOENT
23 error Failed at the api_gateway@1.0.0 prepublish script 'rollup -c'.
23 error Make sure you have the latest version of node.js and npm installed.
23 error If you do, this is most likely a problem with the api_gateway package,
23 error not with npm itself.
23 error Tell the author that this fails on your system:
23 error     rollup -c
23 error You can get information on how to open an issue for this project with:
23 error     npm bugs api_gateway
23 error Or if that isn't available, you can get their info via:
23 error     npm owner ls api_gateway
23 error There is likely additional logging output above.
24 verbose exit [ 1, true ]
